<?xml version="1.0" encoding="UTF-8"?>
<testsuite name="com.aor.numbers.ListAggregatorTest" tests="1" skipped="0" failures="0" errors="0" timestamp="2023-10-25T08:55:20" hostname="feup-b307d25" time="0.015">
  <properties/>
  <testcase name="max2()" classname="com.aor.numbers.ListAggregatorTest" time="0.015"/>
  <system-out><![CDATA[]]></system-out>
  <system-err><![CDATA[]]></system-err>
</testsuite>
